Build started 12/2/2014 11:43:22 AM.
     1>Project "C:\Users\Maciej Kumorek\Dev\InteractiveDevices\Florian\ConsoleApplication1\ConsoleApplication1.vcxproj" on node 2 (Build target(s)).
     1>C:\Program Files (x86)\MSBuild\Microsoft.Cpp\v4.0\V120\Microsoft.CppBuild.targets(388,5): warning MSB8028: The intermediate directory (Release\) contains files shared from another project (Application.vcxproj).  This can lead to incorrect clean and rebuild behavior.
     1>ClCompile:
         C:\Program Files (x86)\Microsoft Visual Studio 12.0\VC\bin\CL.exe /c /IC:\opencv\build\include /I"C:\Program Files (x86)\OpenNI2\Include\\" /Zi /nologo /W3 /WX- /sdl /O2 /Oi /Oy- /GL /D WIN32 /D NDEBUG /D _CONSOLE /D _UNICODE /D UNICODE /Gm- /EHsc /MD /GS /Gy /fp:precise /Zc:wchar_t /Zc:forScope /Fo"Release\\" /Fd"Release\vc120.pdb" /Gd /TP /analyze- /errorReport:prompt ConsoleApplication1.cpp
         ConsoleApplication1.cpp
     1>ConsoleApplication1.cpp(66): warning C4244: 'argument' : conversion from 'int' to 'float', possible loss of data
     1>ConsoleApplication1.cpp(314): warning C4244: 'initializing' : conversion from 'float' to 'int', possible loss of data
     1>ConsoleApplication1.cpp(316): warning C4244: 'initializing' : conversion from 'float' to 'int', possible loss of data
     1>ConsoleApplication1.cpp(327): warning C4244: '=' : conversion from 'double' to 'float', possible loss of data
     1>ConsoleApplication1.cpp(328): warning C4244: '=' : conversion from 'float' to 'openni::DepthPixel', possible loss of data
     1>ConsoleApplication1.cpp(393): warning C4244: 'initializing' : conversion from 'int' to 'float', possible loss of data
     1>ConsoleApplication1.cpp(394): warning C4244: 'initializing' : conversion from 'int' to 'float', possible loss of data
     1>ConsoleApplication1.cpp(561): warning C4244: 'argument' : conversion from 'float' to 'int', possible loss of data
       Link:
         C:\Program Files (x86)\Microsoft Visual Studio 12.0\VC\bin\link.exe /ERRORREPORT:PROMPT /OUT:"C:\Users\Maciej Kumorek\Dev\InteractiveDevices\Florian\Release\ConsoleApplication1.exe" /INCREMENTAL:NO /NOLOGO /LIBPATH:"C:\Program Files (x86)\OpenNI2\Lib" /LIBPATH:C:\opencv\build\x86\vc11\lib OPENNI2.lib opencv_calib3d2410.lib opencv_contrib2410.lib opencv_core2410.lib opencv_features2d2410.lib opencv_flann2410.lib opencv_gpu2410.lib opencv_highgui2410.lib opencv_imgproc2410.lib opencv_legacy2410.lib opencv_ml2410.lib opencv_nonfree2410.lib opencv_objdetect2410.lib opencv_ocl2410.lib opencv_photo2410.lib opencv_stitching2410.lib opencv_superres2410.lib opencv_ts2410.lib opencv_video2410.lib opencv_videostab2410.lib kernel32.lib user32.lib gdi32.lib winspool.lib comdlg32.lib advapi32.lib shell32.lib ole32.lib oleaut32.lib uuid.lib odbc32.lib odbccp32.lib /MANIFEST /MANIFESTUAC:"level='asInvoker' uiAccess='false'" /manifest:embed /DEBUG /PDB:"C:\Users\Maciej Kumorek\Dev\InteractiveDevices\Florian\Release\ConsoleApplication1.pdb" /SUBSYSTEM:CONSOLE /OPT:REF /OPT:ICF /LTCG /TLBID:1 /DYNAMICBASE /NXCOMPAT /IMPLIB:"C:\Users\Maciej Kumorek\Dev\InteractiveDevices\Florian\Release\ConsoleApplication1.lib" /MACHINE:X86 /SAFESEH Release\ConsoleApplication1.obj
         Release\stdafx.obj
         Generating code
         Finished generating code
         ConsoleApplication1.vcxproj -> C:\Users\Maciej Kumorek\Dev\InteractiveDevices\Florian\Release\ConsoleApplication1.exe
     1>Done Building Project "C:\Users\Maciej Kumorek\Dev\InteractiveDevices\Florian\ConsoleApplication1\ConsoleApplication1.vcxproj" (Build target(s)).

Build succeeded.

Time Elapsed 00:00:04.17
